<?xml version="1.0" encoding="UTF-8"?>
<!-- Generated by org.testng.reporters.JUnitReportReporter -->
<testsuite hostname="DESKTOP-4BUC3AP" failures="0" tests="2" name="com.freecrm.smoketests.SmokeTest3" time="1.502" errors="0" timestamp="2023-07-14T20:18:24 MESZ" skipped="0">
  <testcase classname="com.freecrm.smoketests.SmokeTest3" name="test1" time="0.656"/>
  <testcase classname="com.freecrm.smoketests.SmokeTest3" name="test1" time="0.846"/>
</testsuite> <!-- com.freecrm.smoketests.SmokeTest3 -->
