<?xml version="1.0" encoding="UTF-8"?>
<!-- Generated by org.testng.reporters.JUnitReportReporter -->
<testsuite hostname="DESKTOP-4BUC3AP" failures="0" tests="1" name="com.freecrm.smoketests.SmokeTest4" time="3.225" errors="0" timestamp="2023-07-15T10:12:31 MESZ" skipped="0">
  <testcase classname="com.freecrm.smoketests.SmokeTest4" name="test1" time="3.225"/>
</testsuite> <!-- com.freecrm.smoketests.SmokeTest4 -->
