<?xml version="1.0" encoding="UTF-8"?>
<!-- Generated by org.testng.reporters.JUnitReportReporter -->
<testsuite hostname="DESKTOP-0T5V2PT" failures="0" tests="1" name="com.freecrm.smoketests.SmokeTest1" time="6.256" errors="0" timestamp="2023-09-16T14:39:00 MESZ" skipped="0">
  <testcase classname="com.freecrm.smoketests.SmokeTest1" name="test1" time="6.256"/>
</testsuite> <!-- com.freecrm.smoketests.SmokeTest1 -->
