<?xml version="1.0" encoding="UTF-8"?>
<!-- Generated by org.testng.reporters.JUnitReportReporter -->
<testsuite hostname="DESKTOP-4BUC3AP" failures="0" tests="1" name="com.freecrm.smoketests.SmokeTests" time="2.909" errors="0" timestamp="2023-07-04T19:57:43 MESZ" skipped="0">
  <testcase classname="com.freecrm.smoketests.SmokeTests" name="test1" time="2.909"/>
  <system-out/>
</testsuite> <!-- com.freecrm.smoketests.SmokeTests -->
